{"contracts/libs/Address.sol":{"l":{"31":105,"33":105,"34":105,"54":0,"57":0,"58":0,"80":0,"90":105,"105":0,"115":105,"116":105,"119":105,"120":105,"130":0,"140":0,"143":0,"144":0,"154":0,"164":0,"167":0,"168":0,"172":105,"173":105,"176":0,"180":0,"185":0},"path":"/home/deq/Documents/Projects/yNet/yNet/contracts/libs/Address.sol","s":{"1":105,"2":105,"3":0,"4":0,"5":0,"6":0,"7":105,"8":0,"9":105,"10":105,"11":105,"12":105,"13":0,"14":0,"15":0,"16":0,"17":0,"18":0,"19":0,"20":0,"21":105,"22":105,"23":0,"24":0},"b":{"1":[0,0],"2":[0,0],"3":[105,0],"4":[105,0],"5":[0,0],"6":[0,0],"7":[105,0],"8":[0,0]},"f":{"1":105,"2":0,"3":0,"4":105,"5":0,"6":105,"7":0,"8":0,"9":0,"10":0,"11":105},"fnMap":{"1":{"name":"isContract","line":26,"loc":{"start":{"line":26,"column":4},"end":{"line":35,"column":4}}},"2":{"name":"sendValue","line":53,"loc":{"start":{"line":53,"column":4},"end":{"line":59,"column":4}}},"3":{"name":"functionCall","line":79,"loc":{"start":{"line":79,"column":4},"end":{"line":81,"column":4}}},"4":{"name":"functionCall","line":89,"loc":{"start":{"line":89,"column":4},"end":{"line":91,"column":4}}},"5":{"name":"functionCallWithValue","line":104,"loc":{"start":{"line":104,"column":4},"end":{"line":106,"column":4}}},"6":{"name":"functionCallWithValue","line":114,"loc":{"start":{"line":114,"column":4},"end":{"line":121,"column":4}}},"7":{"name":"functionStaticCall","line":129,"loc":{"start":{"line":129,"column":4},"end":{"line":131,"column":4}}},"8":{"name":"functionStaticCall","line":139,"loc":{"start":{"line":139,"column":4},"end":{"line":145,"column":4}}},"9":{"name":"functionDelegateCall","line":153,"loc":{"start":{"line":153,"column":4},"end":{"line":155,"column":4}}},"10":{"name":"functionDelegateCall","line":163,"loc":{"start":{"line":163,"column":4},"end":{"line":169,"column":4}}},"11":{"name":"_verifyCallResult","line":171,"loc":{"start":{"line":171,"column":4},"end":{"line":188,"column":4}}}},"statementMap":{"1":{"start":{"line":31,"column":8},"end":{"line":31,"column":20}},"2":{"start":{"line":34,"column":8},"end":{"line":34,"column":23}},"3":{"start":{"line":54,"column":8},"end":{"line":54,"column":80}},"4":{"start":{"line":57,"column":8},"end":{"line":57,"column":62}},"5":{"start":{"line":58,"column":8},"end":{"line":58,"column":85}},"6":{"start":{"line":80,"column":6},"end":{"line":80,"column":73}},"7":{"start":{"line":90,"column":8},"end":{"line":90,"column":67}},"8":{"start":{"line":105,"column":8},"end":{"line":105,"column":102}},"9":{"start":{"line":115,"column":8},"end":{"line":115,"column":88}},"10":{"start":{"line":116,"column":8},"end":{"line":116,"column":67}},"11":{"start":{"line":119,"column":8},"end":{"line":119,"column":83}},"12":{"start":{"line":120,"column":8},"end":{"line":120,"column":67}},"13":{"start":{"line":130,"column":8},"end":{"line":130,"column":88}},"14":{"start":{"line":140,"column":8},"end":{"line":140,"column":74}},"15":{"start":{"line":143,"column":8},"end":{"line":143,"column":73}},"16":{"start":{"line":144,"column":8},"end":{"line":144,"column":67}},"17":{"start":{"line":154,"column":8},"end":{"line":154,"column":92}},"18":{"start":{"line":164,"column":8},"end":{"line":164,"column":76}},"19":{"start":{"line":167,"column":8},"end":{"line":167,"column":75}},"20":{"start":{"line":168,"column":8},"end":{"line":168,"column":67}},"21":{"start":{"line":172,"column":8},"end":{"line":172,"column":7231}},"22":{"start":{"line":173,"column":12},"end":{"line":173,"column":29}},"23":{"start":{"line":176,"column":12},"end":{"line":176,"column":7376}},"24":{"start":{"line":185,"column":16},"end":{"line":185,"column":35}}},"branchMap":{"1":{"line":54,"type":"if","locations":[{"start":{"line":54,"column":8},"end":{"line":54,"column":8}},{"start":{"line":54,"column":8},"end":{"line":54,"column":8}}]},"2":{"line":58,"type":"if","locations":[{"start":{"line":58,"column":8},"end":{"line":58,"column":8}},{"start":{"line":58,"column":8},"end":{"line":58,"column":8}}]},"3":{"line":115,"type":"if","locations":[{"start":{"line":115,"column":8},"end":{"line":115,"column":8}},{"start":{"line":115,"column":8},"end":{"line":115,"column":8}}]},"4":{"line":116,"type":"if","locations":[{"start":{"line":116,"column":8},"end":{"line":116,"column":8}},{"start":{"line":116,"column":8},"end":{"line":116,"column":8}}]},"5":{"line":140,"type":"if","locations":[{"start":{"line":140,"column":8},"end":{"line":140,"column":8}},{"start":{"line":140,"column":8},"end":{"line":140,"column":8}}]},"6":{"line":164,"type":"if","locations":[{"start":{"line":164,"column":8},"end":{"line":164,"column":8}},{"start":{"line":164,"column":8},"end":{"line":164,"column":8}}]},"7":{"line":172,"type":"if","locations":[{"start":{"line":172,"column":8},"end":{"line":172,"column":8}},{"start":{"line":172,"column":8},"end":{"line":172,"column":8}}]},"8":{"line":176,"type":"if","locations":[{"start":{"line":176,"column":12},"end":{"line":176,"column":12}},{"start":{"line":176,"column":12},"end":{"line":176,"column":12}}]}}},"contracts/libs/BEP20.sol":{"l":{"59":69,"60":69,"61":69,"68":0,"75":1,"82":1,"89":1,"96":6,"103":267,"115":274,"116":270,"123":0,"134":39,"135":39,"155":39,"156":39,"161":39,"177":0,"178":0,"196":0,"201":0,"213":0,"214":0,"236":349,"237":349,"239":349,"240":345,"241":345,"254":127,"256":127,"257":127,"258":127,"273":0,"275":0,"276":0,"277":0,"298":78,"299":78,"301":78,"302":78,"312":0,"313":0},"path":"/home/deq/Documents/Projects/yNet/yNet/contracts/libs/BEP20.sol","s":{"1":69,"2":69,"3":69,"4":0,"5":1,"6":1,"7":1,"8":6,"9":267,"10":274,"11":270,"12":0,"13":39,"14":39,"15":39,"16":39,"17":39,"18":0,"19":0,"20":0,"21":0,"22":0,"23":0,"24":349,"25":349,"26":349,"27":345,"28":345,"29":127,"30":127,"31":127,"32":127,"33":0,"34":0,"35":0,"36":0,"37":78,"38":78,"39":78,"40":78,"41":0,"42":0},"b":{"1":[349,0],"2":[349,0],"3":[127,0],"4":[0,0],"5":[78,0],"6":[78,0]},"f":{"1":69,"2":0,"3":1,"4":1,"5":1,"6":6,"7":267,"8":274,"9":0,"10":39,"11":39,"12":0,"13":0,"14":0,"15":349,"16":127,"17":0,"18":78,"19":0},"fnMap":{"1":{"name":"constructor","line":58,"loc":{"start":{"line":58,"column":4},"end":{"line":62,"column":4}}},"2":{"name":"getOwner","line":67,"loc":{"start":{"line":67,"column":4},"end":{"line":69,"column":4}}},"3":{"name":"name","line":74,"loc":{"start":{"line":74,"column":4},"end":{"line":76,"column":4}}},"4":{"name":"decimals","line":81,"loc":{"start":{"line":81,"column":4},"end":{"line":83,"column":4}}},"5":{"name":"symbol","line":88,"loc":{"start":{"line":88,"column":4},"end":{"line":90,"column":4}}},"6":{"name":"totalSupply","line":95,"loc":{"start":{"line":95,"column":4},"end":{"line":97,"column":4}}},"7":{"name":"balanceOf","line":102,"loc":{"start":{"line":102,"column":4},"end":{"line":104,"column":4}}},"8":{"name":"transfer","line":114,"loc":{"start":{"line":114,"column":4},"end":{"line":117,"column":4}}},"9":{"name":"allowance","line":122,"loc":{"start":{"line":122,"column":4},"end":{"line":124,"column":4}}},"10":{"name":"approve","line":133,"loc":{"start":{"line":133,"column":4},"end":{"line":136,"column":4}}},"11":{"name":"transferFrom","line":150,"loc":{"start":{"line":150,"column":4},"end":{"line":162,"column":4}}},"12":{"name":"increaseAllowance","line":176,"loc":{"start":{"line":176,"column":4},"end":{"line":179,"column":4}}},"13":{"name":"decreaseAllowance","line":195,"loc":{"start":{"line":195,"column":4},"end":{"line":202,"column":4}}},"14":{"name":"mint","line":212,"loc":{"start":{"line":212,"column":4},"end":{"line":215,"column":4}}},"15":{"name":"_transfer","line":231,"loc":{"start":{"line":231,"column":4},"end":{"line":242,"column":4}}},"16":{"name":"_mint","line":253,"loc":{"start":{"line":253,"column":4},"end":{"line":259,"column":4}}},"17":{"name":"_burn","line":272,"loc":{"start":{"line":272,"column":4},"end":{"line":278,"column":4}}},"18":{"name":"_approve","line":293,"loc":{"start":{"line":293,"column":4},"end":{"line":303,"column":4}}},"19":{"name":"_burnFrom","line":311,"loc":{"start":{"line":311,"column":4},"end":{"line":318,"column":4}}}},"statementMap":{"1":{"start":{"line":59,"column":8},"end":{"line":59,"column":19}},"2":{"start":{"line":60,"column":8},"end":{"line":60,"column":23}},"3":{"start":{"line":61,"column":8},"end":{"line":61,"column":21}},"4":{"start":{"line":68,"column":8},"end":{"line":68,"column":22}},"5":{"start":{"line":75,"column":8},"end":{"line":75,"column":20}},"6":{"start":{"line":82,"column":8},"end":{"line":82,"column":24}},"7":{"start":{"line":89,"column":8},"end":{"line":89,"column":22}},"8":{"start":{"line":96,"column":8},"end":{"line":96,"column":27}},"9":{"start":{"line":103,"column":8},"end":{"line":103,"column":33}},"10":{"start":{"line":115,"column":8},"end":{"line":115,"column":49}},"11":{"start":{"line":116,"column":8},"end":{"line":116,"column":19}},"12":{"start":{"line":123,"column":8},"end":{"line":123,"column":42}},"13":{"start":{"line":134,"column":8},"end":{"line":134,"column":46}},"14":{"start":{"line":135,"column":8},"end":{"line":135,"column":19}},"15":{"start":{"line":155,"column":8},"end":{"line":155,"column":43}},"16":{"start":{"line":156,"column":8},"end":{"line":156,"column":4612}},"17":{"start":{"line":161,"column":8},"end":{"line":161,"column":19}},"18":{"start":{"line":177,"column":8},"end":{"line":177,"column":90}},"19":{"start":{"line":178,"column":8},"end":{"line":178,"column":19}},"20":{"start":{"line":196,"column":8},"end":{"line":196,"column":5995}},"21":{"start":{"line":201,"column":8},"end":{"line":201,"column":19}},"22":{"start":{"line":213,"column":8},"end":{"line":213,"column":34}},"23":{"start":{"line":214,"column":8},"end":{"line":214,"column":19}},"24":{"start":{"line":236,"column":8},"end":{"line":236,"column":77}},"25":{"start":{"line":237,"column":8},"end":{"line":237,"column":78}},"26":{"start":{"line":239,"column":8},"end":{"line":239,"column":98}},"27":{"start":{"line":240,"column":8},"end":{"line":240,"column":62}},"28":{"start":{"line":241,"column":8},"end":{"line":241,"column":48}},"29":{"start":{"line":254,"column":8},"end":{"line":254,"column":72}},"30":{"start":{"line":256,"column":8},"end":{"line":256,"column":46}},"31":{"start":{"line":257,"column":8},"end":{"line":257,"column":58}},"32":{"start":{"line":258,"column":8},"end":{"line":258,"column":50}},"33":{"start":{"line":273,"column":8},"end":{"line":273,"column":74}},"34":{"start":{"line":275,"column":8},"end":{"line":275,"column":96}},"35":{"start":{"line":276,"column":8},"end":{"line":276,"column":46}},"36":{"start":{"line":277,"column":8},"end":{"line":277,"column":50}},"37":{"start":{"line":298,"column":8},"end":{"line":298,"column":75}},"38":{"start":{"line":299,"column":8},"end":{"line":299,"column":75}},"39":{"start":{"line":301,"column":8},"end":{"line":301,"column":43}},"40":{"start":{"line":302,"column":8},"end":{"line":302,"column":45}},"41":{"start":{"line":312,"column":8},"end":{"line":312,"column":29}},"42":{"start":{"line":313,"column":8},"end":{"line":313,"column":9810}}},"branchMap":{"1":{"line":236,"type":"if","locations":[{"start":{"line":236,"column":8},"end":{"line":236,"column":8}},{"start":{"line":236,"column":8},"end":{"line":236,"column":8}}]},"2":{"line":237,"type":"if","locations":[{"start":{"line":237,"column":8},"end":{"line":237,"column":8}},{"start":{"line":237,"column":8},"end":{"line":237,"column":8}}]},"3":{"line":254,"type":"if","locations":[{"start":{"line":254,"column":8},"end":{"line":254,"column":8}},{"start":{"line":254,"column":8},"end":{"line":254,"column":8}}]},"4":{"line":273,"type":"if","locations":[{"start":{"line":273,"column":8},"end":{"line":273,"column":8}},{"start":{"line":273,"column":8},"end":{"line":273,"column":8}}]},"5":{"line":298,"type":"if","locations":[{"start":{"line":298,"column":8},"end":{"line":298,"column":8}},{"start":{"line":298,"column":8},"end":{"line":298,"column":8}}]},"6":{"line":299,"type":"if","locations":[{"start":{"line":299,"column":8},"end":{"line":299,"column":8}},{"start":{"line":299,"column":8},"end":{"line":299,"column":8}}]}}},"contracts/libs/Context.sol":{"l":{"17":698,"21":0,"22":0},"path":"/home/deq/Documents/Projects/yNet/yNet/contracts/libs/Context.sol","s":{"1":698,"2":0},"b":{},"f":{"1":698,"2":0},"fnMap":{"1":{"name":"_msgSender","line":16,"loc":{"start":{"line":16,"column":4},"end":{"line":18,"column":4}}},"2":{"name":"_msgData","line":20,"loc":{"start":{"line":20,"column":4},"end":{"line":23,"column":4}}}},"statementMap":{"1":{"start":{"line":17,"column":8},"end":{"line":17,"column":25}},"2":{"start":{"line":22,"column":8},"end":{"line":22,"column":23}}},"branchMap":{}},"contracts/libs/IBEP20.sol":{"l":{},"path":"/home/deq/Documents/Projects/yNet/yNet/contracts/libs/IBEP20.sol","s":{},"b":{},"f":{},"fnMap":{},"statementMap":{},"branchMap":{}},"contracts/libs/IPancakeRouter.sol":{"l":{},"path":"/home/deq/Documents/Projects/yNet/yNet/contracts/libs/IPancakeRouter.sol","s":{},"b":{},"f":{},"fnMap":{},"statementMap":{},"branchMap":{}},"contracts/libs/IYnetReferral.sol":{"l":{},"path":"/home/deq/Documents/Projects/yNet/yNet/contracts/libs/IYnetReferral.sol","s":{},"b":{},"f":{},"fnMap":{},"statementMap":{},"branchMap":{}},"contracts/libs/MockBEP20.sol":{"l":{"12":40},"path":"/home/deq/Documents/Projects/yNet/yNet/contracts/libs/MockBEP20.sol","s":{"1":40},"b":{},"f":{"1":40},"fnMap":{"1":{"name":"constructor","line":11,"loc":{"start":{"line":7,"column":4},"end":{"line":14,"column":4}}}},"statementMap":{"1":{"start":{"line":12,"column":8},"end":{"line":12,"column":32}}},"branchMap":{}},"contracts/libs/Ownable.sol":{"l":{"27":94,"28":94,"29":94,"36":174,"43":173,"44":159,"55":0,"56":0,"64":23,"65":23,"66":23},"path":"/home/deq/Documents/Projects/yNet/yNet/contracts/libs/Ownable.sol","s":{"1":94,"2":94,"3":94,"4":174,"5":173,"6":0,"7":0,"8":23,"9":23,"10":23},"b":{"1":[159,14],"2":[23,0]},"f":{"1":94,"2":174,"3":173,"4":0,"5":23},"fnMap":{"1":{"name":"constructor","line":26,"loc":{"start":{"line":26,"column":4},"end":{"line":30,"column":4}}},"2":{"name":"owner","line":35,"loc":{"start":{"line":35,"column":4},"end":{"line":37,"column":4}}},"3":{"name":"onlyOwner","line":42,"loc":{"start":{"line":42,"column":4},"end":{"line":45,"column":4}}},"4":{"name":"renounceOwnership","line":54,"loc":{"start":{"line":54,"column":4},"end":{"line":57,"column":4}}},"5":{"name":"transferOwnership","line":63,"loc":{"start":{"line":63,"column":4},"end":{"line":67,"column":4}}}},"statementMap":{"1":{"start":{"line":27,"column":8},"end":{"line":27,"column":40}},"2":{"start":{"line":28,"column":8},"end":{"line":28,"column":25}},"3":{"start":{"line":29,"column":8},"end":{"line":29,"column":56}},"4":{"start":{"line":36,"column":8},"end":{"line":36,"column":21}},"5":{"start":{"line":43,"column":8},"end":{"line":43,"column":75}},"6":{"start":{"line":55,"column":8},"end":{"line":55,"column":53}},"7":{"start":{"line":56,"column":8},"end":{"line":56,"column":26}},"8":{"start":{"line":64,"column":8},"end":{"line":64,"column":80}},"9":{"start":{"line":65,"column":8},"end":{"line":65,"column":51}},"10":{"start":{"line":66,"column":8},"end":{"line":66,"column":24}}},"branchMap":{"1":{"line":43,"type":"if","locations":[{"start":{"line":43,"column":8},"end":{"line":43,"column":8}},{"start":{"line":43,"column":8},"end":{"line":43,"column":8}}]},"2":{"line":64,"type":"if","locations":[{"start":{"line":64,"column":8},"end":{"line":64,"column":8}},{"start":{"line":64,"column":8},"end":{"line":64,"column":8}}]}}},"contracts/libs/ReentrancyGuard.sol":{"l":{"39":20,"51":68,"54":68,"56":68,"60":66},"path":"/home/deq/Documents/Projects/yNet/yNet/contracts/libs/ReentrancyGuard.sol","s":{"1":20,"2":68,"3":68,"4":66},"b":{"1":[68,0]},"f":{"1":20,"2":68},"fnMap":{"1":{"name":"constructor","line":38,"loc":{"start":{"line":38,"column":4},"end":{"line":40,"column":4}}},"2":{"name":"nonReentrant","line":49,"loc":{"start":{"line":49,"column":4},"end":{"line":61,"column":4}}}},"statementMap":{"1":{"start":{"line":39,"column":8},"end":{"line":39,"column":29}},"2":{"start":{"line":51,"column":8},"end":{"line":51,"column":70}},"3":{"start":{"line":54,"column":8},"end":{"line":54,"column":25}},"4":{"start":{"line":60,"column":8},"end":{"line":60,"column":29}}},"branchMap":{"1":{"line":51,"type":"if","locations":[{"start":{"line":51,"column":8},"end":{"line":51,"column":8}},{"start":{"line":51,"column":8},"end":{"line":51,"column":8}}]}}},"contracts/libs/SafeBEP20.sol":{"l":{"27":66,"36":39,"55":0,"59":0,"67":0,"68":0,"76":0,"80":0,"94":105,"95":105,"98":105},"path":"/home/deq/Documents/Projects/yNet/yNet/contracts/libs/SafeBEP20.sol","s":{"1":66,"2":39,"3":0,"4":0,"5":0,"6":0,"7":0,"8":0,"9":105,"10":105,"11":105},"b":{"1":[0,0],"2":[105,0],"3":[105,0]},"f":{"1":66,"2":39,"3":0,"4":0,"5":0,"6":105},"fnMap":{"1":{"name":"safeTransfer","line":22,"loc":{"start":{"line":22,"column":4},"end":{"line":28,"column":4}}},"2":{"name":"safeTransferFrom","line":30,"loc":{"start":{"line":30,"column":4},"end":{"line":37,"column":4}}},"3":{"name":"safeApprove","line":46,"loc":{"start":{"line":46,"column":4},"end":{"line":60,"column":4}}},"4":{"name":"safeIncreaseAllowance","line":62,"loc":{"start":{"line":62,"column":4},"end":{"line":69,"column":4}}},"5":{"name":"safeDecreaseAllowance","line":71,"loc":{"start":{"line":71,"column":4},"end":{"line":81,"column":4}}},"6":{"name":"_callOptionalReturn","line":89,"loc":{"start":{"line":89,"column":4},"end":{"line":100,"column":4}}}},"statementMap":{"1":{"start":{"line":27,"column":8},"end":{"line":27,"column":93}},"2":{"start":{"line":36,"column":8},"end":{"line":36,"column":103}},"3":{"start":{"line":55,"column":8},"end":{"line":55,"column":1785}},"4":{"start":{"line":59,"column":8},"end":{"line":59,"column":97}},"5":{"start":{"line":67,"column":8},"end":{"line":67,"column":81}},"6":{"start":{"line":68,"column":8},"end":{"line":68,"column":104}},"7":{"start":{"line":76,"column":8},"end":{"line":76,"column":2507}},"8":{"start":{"line":80,"column":8},"end":{"line":80,"column":104}},"9":{"start":{"line":94,"column":8},"end":{"line":94,"column":103}},"10":{"start":{"line":95,"column":8},"end":{"line":95,"column":3679}},"11":{"start":{"line":98,"column":12},"end":{"line":98,"column":96}}},"branchMap":{"1":{"line":55,"type":"if","locations":[{"start":{"line":55,"column":8},"end":{"line":55,"column":8}},{"start":{"line":55,"column":8},"end":{"line":55,"column":8}}]},"2":{"line":95,"type":"if","locations":[{"start":{"line":95,"column":8},"end":{"line":95,"column":8}},{"start":{"line":95,"column":8},"end":{"line":95,"column":8}}]},"3":{"line":98,"type":"if","locations":[{"start":{"line":98,"column":12},"end":{"line":98,"column":12}},{"start":{"line":98,"column":12},"end":{"line":98,"column":12}}]}}},"contracts/libs/SafeMath.sol":{"l":{"25":0,"26":0,"27":0,"36":0,"37":0,"49":0,"50":0,"51":0,"52":0,"61":0,"62":0,"71":0,"72":0,"86":728,"87":728,"88":728,"102":240,"103":240,"117":338,"118":316,"119":316,"120":316,"136":333,"137":333,"153":0,"154":0,"171":388,"172":384,"191":0,"192":0,"211":0,"212":0},"path":"/home/deq/Documents/Projects/yNet/yNet/contracts/libs/SafeMath.sol","s":{"1":0,"2":0,"3":0,"4":0,"5":0,"6":0,"7":0,"8":0,"9":0,"10":0,"11":0,"12":0,"13":0,"14":0,"15":0,"16":0,"17":0,"18":0,"19":0,"20":728,"21":728,"22":728,"23":240,"24":240,"25":338,"26":22,"27":316,"28":316,"29":316,"30":333,"31":333,"32":0,"33":0,"34":388,"35":384,"36":0,"37":0,"38":0,"39":0},"b":{"1":[0,0],"2":[0,0],"3":[0,0],"4":[0,0],"5":[0,0],"6":[0,0],"7":[728,0],"8":[240,0],"9":[22,316],"10":[316,0],"11":[333,0],"12":[0,0],"13":[384,4],"14":[0,0],"15":[0,0]},"f":{"1":0,"2":0,"3":0,"4":0,"5":0,"6":728,"7":240,"8":338,"9":333,"10":0,"11":388,"12":0,"13":0},"fnMap":{"1":{"name":"tryAdd","line":24,"loc":{"start":{"line":24,"column":4},"end":{"line":28,"column":4}}},"2":{"name":"trySub","line":35,"loc":{"start":{"line":35,"column":4},"end":{"line":38,"column":4}}},"3":{"name":"tryMul","line":45,"loc":{"start":{"line":45,"column":4},"end":{"line":53,"column":4}}},"4":{"name":"tryDiv","line":60,"loc":{"start":{"line":60,"column":4},"end":{"line":63,"column":4}}},"5":{"name":"tryMod","line":70,"loc":{"start":{"line":70,"column":4},"end":{"line":73,"column":4}}},"6":{"name":"add","line":85,"loc":{"start":{"line":85,"column":4},"end":{"line":89,"column":4}}},"7":{"name":"sub","line":101,"loc":{"start":{"line":101,"column":4},"end":{"line":104,"column":4}}},"8":{"name":"mul","line":116,"loc":{"start":{"line":116,"column":4},"end":{"line":121,"column":4}}},"9":{"name":"div","line":135,"loc":{"start":{"line":135,"column":4},"end":{"line":138,"column":4}}},"10":{"name":"mod","line":152,"loc":{"start":{"line":152,"column":4},"end":{"line":155,"column":4}}},"11":{"name":"sub","line":170,"loc":{"start":{"line":170,"column":4},"end":{"line":173,"column":4}}},"12":{"name":"div","line":190,"loc":{"start":{"line":190,"column":4},"end":{"line":193,"column":4}}},"13":{"name":"mod","line":210,"loc":{"start":{"line":210,"column":4},"end":{"line":213,"column":4}}}},"statementMap":{"1":{"start":{"line":25,"column":8},"end":{"line":25,"column":25}},"2":{"start":{"line":26,"column":8},"end":{"line":26,"column":36}},"3":{"start":{"line":26,"column":19},"end":{"line":26,"column":36}},"4":{"start":{"line":27,"column":8},"end":{"line":27,"column":24}},"5":{"start":{"line":36,"column":8},"end":{"line":36,"column":36}},"6":{"start":{"line":36,"column":19},"end":{"line":36,"column":36}},"7":{"start":{"line":37,"column":8},"end":{"line":37,"column":28}},"8":{"start":{"line":49,"column":8},"end":{"line":49,"column":36}},"9":{"start":{"line":49,"column":20},"end":{"line":49,"column":36}},"10":{"start":{"line":50,"column":8},"end":{"line":50,"column":25}},"11":{"start":{"line":51,"column":8},"end":{"line":51,"column":41}},"12":{"start":{"line":51,"column":24},"end":{"line":51,"column":41}},"13":{"start":{"line":52,"column":8},"end":{"line":52,"column":24}},"14":{"start":{"line":61,"column":8},"end":{"line":61,"column":37}},"15":{"start":{"line":61,"column":20},"end":{"line":61,"column":37}},"16":{"start":{"line":62,"column":8},"end":{"line":62,"column":28}},"17":{"start":{"line":71,"column":8},"end":{"line":71,"column":37}},"18":{"start":{"line":71,"column":20},"end":{"line":71,"column":37}},"19":{"start":{"line":72,"column":8},"end":{"line":72,"column":28}},"20":{"start":{"line":86,"column":8},"end":{"line":86,"column":25}},"21":{"start":{"line":87,"column":8},"end":{"line":87,"column":53}},"22":{"start":{"line":88,"column":8},"end":{"line":88,"column":16}},"23":{"start":{"line":102,"column":8},"end":{"line":102,"column":56}},"24":{"start":{"line":103,"column":8},"end":{"line":103,"column":20}},"25":{"start":{"line":117,"column":8},"end":{"line":117,"column":28}},"26":{"start":{"line":117,"column":20},"end":{"line":117,"column":28}},"27":{"start":{"line":118,"column":8},"end":{"line":118,"column":25}},"28":{"start":{"line":119,"column":8},"end":{"line":119,"column":63}},"29":{"start":{"line":120,"column":8},"end":{"line":120,"column":16}},"30":{"start":{"line":136,"column":8},"end":{"line":136,"column":51}},"31":{"start":{"line":137,"column":8},"end":{"line":137,"column":20}},"32":{"start":{"line":153,"column":8},"end":{"line":153,"column":49}},"33":{"start":{"line":154,"column":8},"end":{"line":154,"column":20}},"34":{"start":{"line":171,"column":8},"end":{"line":171,"column":36}},"35":{"start":{"line":172,"column":8},"end":{"line":172,"column":20}},"36":{"start":{"line":191,"column":8},"end":{"line":191,"column":35}},"37":{"start":{"line":192,"column":8},"end":{"line":192,"column":20}},"38":{"start":{"line":211,"column":8},"end":{"line":211,"column":35}},"39":{"start":{"line":212,"column":8},"end":{"line":212,"column":20}}},"branchMap":{"1":{"line":26,"type":"if","locations":[{"start":{"line":26,"column":8},"end":{"line":26,"column":8}},{"start":{"line":26,"column":8},"end":{"line":26,"column":8}}]},"2":{"line":36,"type":"if","locations":[{"start":{"line":36,"column":8},"end":{"line":36,"column":8}},{"start":{"line":36,"column":8},"end":{"line":36,"column":8}}]},"3":{"line":49,"type":"if","locations":[{"start":{"line":49,"column":8},"end":{"line":49,"column":8}},{"start":{"line":49,"column":8},"end":{"line":49,"column":8}}]},"4":{"line":51,"type":"if","locations":[{"start":{"line":51,"column":8},"end":{"line":51,"column":8}},{"start":{"line":51,"column":8},"end":{"line":51,"column":8}}]},"5":{"line":61,"type":"if","locations":[{"start":{"line":61,"column":8},"end":{"line":61,"column":8}},{"start":{"line":61,"column":8},"end":{"line":61,"column":8}}]},"6":{"line":71,"type":"if","locations":[{"start":{"line":71,"column":8},"end":{"line":71,"column":8}},{"start":{"line":71,"column":8},"end":{"line":71,"column":8}}]},"7":{"line":87,"type":"if","locations":[{"start":{"line":87,"column":8},"end":{"line":87,"column":8}},{"start":{"line":87,"column":8},"end":{"line":87,"column":8}}]},"8":{"line":102,"type":"if","locations":[{"start":{"line":102,"column":8},"end":{"line":102,"column":8}},{"start":{"line":102,"column":8},"end":{"line":102,"column":8}}]},"9":{"line":117,"type":"if","locations":[{"start":{"line":117,"column":8},"end":{"line":117,"column":8}},{"start":{"line":117,"column":8},"end":{"line":117,"column":8}}]},"10":{"line":119,"type":"if","locations":[{"start":{"line":119,"column":8},"end":{"line":119,"column":8}},{"start":{"line":119,"column":8},"end":{"line":119,"column":8}}]},"11":{"line":136,"type":"if","locations":[{"start":{"line":136,"column":8},"end":{"line":136,"column":8}},{"start":{"line":136,"column":8},"end":{"line":136,"column":8}}]},"12":{"line":153,"type":"if","locations":[{"start":{"line":153,"column":8},"end":{"line":153,"column":8}},{"start":{"line":153,"column":8},"end":{"line":153,"column":8}}]},"13":{"line":171,"type":"if","locations":[{"start":{"line":171,"column":8},"end":{"line":171,"column":8}},{"start":{"line":171,"column":8},"end":{"line":171,"column":8}}]},"14":{"line":191,"type":"if","locations":[{"start":{"line":191,"column":8},"end":{"line":191,"column":8}},{"start":{"line":191,"column":8},"end":{"line":191,"column":8}}]},"15":{"line":211,"type":"if","locations":[{"start":{"line":211,"column":8},"end":{"line":211,"column":8}},{"start":{"line":211,"column":8},"end":{"line":211,"column":8}}]}}},"contracts/TimeLock.sol":{"l":{"46":9,"47":7,"49":5,"50":5,"51":5,"58":22,"59":16,"70":1,"71":1,"72":1,"73":1,"75":1,"82":3,"83":1,"84":1,"86":1,"96":5,"97":2,"99":3,"100":1,"102":1,"104":1,"117":6,"119":4,"120":4,"122":4,"123":4,"136":1,"137":1,"139":1,"152":9,"153":9,"154":5,"155":3,"157":3,"159":3,"161":3,"162":1,"164":2,"168":3,"169":3,"171":3,"173":3,"181":14},"path":"/home/deq/Documents/Projects/yNet/yNet/contracts/TimeLock.sol","s":{"1":9,"2":7,"3":5,"4":5,"5":5,"6":22,"7":1,"8":1,"9":1,"10":1,"11":1,"12":3,"13":1,"14":1,"15":1,"16":5,"17":2,"18":3,"19":1,"20":1,"21":1,"22":6,"23":4,"24":4,"25":4,"26":4,"27":1,"28":1,"29":1,"30":9,"31":9,"32":5,"33":3,"34":3,"35":3,"36":3,"37":1,"38":2,"39":3,"40":3,"41":3,"42":3,"43":14},"b":{"1":[7,2],"2":[5,2],"3":[16,6],"4":[1,0],"5":[1,0],"6":[1,0],"7":[1,2],"8":[2,3],"9":[0,2],"10":[1,2],"11":[4,2],"12":[5,4],"13":[3,2],"14":[3,0],"15":[1,2],"16":[3,0]},"f":{"1":9,"2":22,"3":1,"4":3,"5":5,"6":6,"7":1,"8":9,"9":14},"fnMap":{"1":{"name":"constructor","line":45,"loc":{"start":{"line":45,"column":4},"end":{"line":52,"column":4}}},"2":{"name":"onlyAdmin","line":57,"loc":{"start":{"line":57,"column":4},"end":{"line":60,"column":4}}},"3":{"name":"setDelay","line":69,"loc":{"start":{"line":69,"column":4},"end":{"line":76,"column":4}}},"4":{"name":"acceptAdmin","line":81,"loc":{"start":{"line":81,"column":4},"end":{"line":87,"column":4}}},"5":{"name":"setPendingAdmin","line":94,"loc":{"start":{"line":94,"column":4},"end":{"line":105,"column":4}}},"6":{"name":"queueTransaction","line":115,"loc":{"start":{"line":115,"column":4},"end":{"line":124,"column":4}}},"7":{"name":"cancelTransaction","line":134,"loc":{"start":{"line":134,"column":4},"end":{"line":140,"column":4}}},"8":{"name":"executeTransaction","line":150,"loc":{"start":{"line":150,"column":4},"end":{"line":174,"column":4}}},"9":{"name":"getBlockTimestamp","line":179,"loc":{"start":{"line":179,"column":4},"end":{"line":182,"column":4}}}},"statementMap":{"1":{"start":{"line":46,"column":8},"end":{"line":46,"column":98}},"2":{"start":{"line":47,"column":8},"end":{"line":47,"column":102}},"3":{"start":{"line":49,"column":8},"end":{"line":49,"column":21}},"4":{"start":{"line":50,"column":8},"end":{"line":50,"column":21}},"5":{"start":{"line":51,"column":8},"end":{"line":51,"column":32}},"6":{"start":{"line":58,"column":8},"end":{"line":58,"column":75}},"7":{"start":{"line":70,"column":8},"end":{"line":70,"column":96}},"8":{"start":{"line":71,"column":8},"end":{"line":71,"column":95}},"9":{"start":{"line":72,"column":8},"end":{"line":72,"column":99}},"10":{"start":{"line":73,"column":8},"end":{"line":73,"column":21}},"11":{"start":{"line":75,"column":8},"end":{"line":75,"column":28}},"12":{"start":{"line":82,"column":8},"end":{"line":82,"column":102}},"13":{"start":{"line":83,"column":8},"end":{"line":83,"column":25}},"14":{"start":{"line":84,"column":8},"end":{"line":84,"column":32}},"15":{"start":{"line":86,"column":8},"end":{"line":86,"column":28}},"16":{"start":{"line":96,"column":8},"end":{"line":96,"column":4740}},"17":{"start":{"line":97,"column":12},"end":{"line":97,"column":107}},"18":{"start":{"line":99,"column":12},"end":{"line":99,"column":102}},"19":{"start":{"line":100,"column":12},"end":{"line":100,"column":35}},"20":{"start":{"line":102,"column":8},"end":{"line":102,"column":35}},"21":{"start":{"line":104,"column":8},"end":{"line":104,"column":42}},"22":{"start":{"line":117,"column":8},"end":{"line":117,"column":130}},"23":{"start":{"line":119,"column":8},"end":{"line":119,"column":83}},"24":{"start":{"line":120,"column":8},"end":{"line":120,"column":40}},"25":{"start":{"line":122,"column":8},"end":{"line":122,"column":74}},"26":{"start":{"line":123,"column":8},"end":{"line":123,"column":21}},"27":{"start":{"line":136,"column":8},"end":{"line":136,"column":83}},"28":{"start":{"line":137,"column":8},"end":{"line":137,"column":41}},"29":{"start":{"line":139,"column":8},"end":{"line":139,"column":75}},"30":{"start":{"line":152,"column":8},"end":{"line":152,"column":83}},"31":{"start":{"line":153,"column":8},"end":{"line":153,"column":107}},"32":{"start":{"line":154,"column":8},"end":{"line":154,"column":115}},"33":{"start":{"line":155,"column":8},"end":{"line":155,"column":115}},"34":{"start":{"line":157,"column":8},"end":{"line":157,"column":41}},"35":{"start":{"line":159,"column":8},"end":{"line":159,"column":29}},"36":{"start":{"line":161,"column":8},"end":{"line":161,"column":7860}},"37":{"start":{"line":162,"column":12},"end":{"line":162,"column":26}},"38":{"start":{"line":164,"column":12},"end":{"line":164,"column":81}},"39":{"start":{"line":168,"column":8},"end":{"line":168,"column":84}},"40":{"start":{"line":169,"column":8},"end":{"line":169,"column":88}},"41":{"start":{"line":171,"column":8},"end":{"line":171,"column":76}},"42":{"start":{"line":173,"column":8},"end":{"line":173,"column":25}},"43":{"start":{"line":181,"column":8},"end":{"line":181,"column":30}}},"branchMap":{"1":{"line":46,"type":"if","locations":[{"start":{"line":46,"column":8},"end":{"line":46,"column":8}},{"start":{"line":46,"column":8},"end":{"line":46,"column":8}}]},"2":{"line":47,"type":"if","locations":[{"start":{"line":47,"column":8},"end":{"line":47,"column":8}},{"start":{"line":47,"column":8},"end":{"line":47,"column":8}}]},"3":{"line":58,"type":"if","locations":[{"start":{"line":58,"column":8},"end":{"line":58,"column":8}},{"start":{"line":58,"column":8},"end":{"line":58,"column":8}}]},"4":{"line":70,"type":"if","locations":[{"start":{"line":70,"column":8},"end":{"line":70,"column":8}},{"start":{"line":70,"column":8},"end":{"line":70,"column":8}}]},"5":{"line":71,"type":"if","locations":[{"start":{"line":71,"column":8},"end":{"line":71,"column":8}},{"start":{"line":71,"column":8},"end":{"line":71,"column":8}}]},"6":{"line":72,"type":"if","locations":[{"start":{"line":72,"column":8},"end":{"line":72,"column":8}},{"start":{"line":72,"column":8},"end":{"line":72,"column":8}}]},"7":{"line":82,"type":"if","locations":[{"start":{"line":82,"column":8},"end":{"line":82,"column":8}},{"start":{"line":82,"column":8},"end":{"line":82,"column":8}}]},"8":{"line":96,"type":"if","locations":[{"start":{"line":96,"column":8},"end":{"line":96,"column":8}},{"start":{"line":96,"column":8},"end":{"line":96,"column":8}}]},"9":{"line":97,"type":"if","locations":[{"start":{"line":97,"column":12},"end":{"line":97,"column":12}},{"start":{"line":97,"column":12},"end":{"line":97,"column":12}}]},"10":{"line":99,"type":"if","locations":[{"start":{"line":99,"column":12},"end":{"line":99,"column":12}},{"start":{"line":99,"column":12},"end":{"line":99,"column":12}}]},"11":{"line":117,"type":"if","locations":[{"start":{"line":117,"column":8},"end":{"line":117,"column":8}},{"start":{"line":117,"column":8},"end":{"line":117,"column":8}}]},"12":{"line":153,"type":"if","locations":[{"start":{"line":153,"column":8},"end":{"line":153,"column":8}},{"start":{"line":153,"column":8},"end":{"line":153,"column":8}}]},"13":{"line":154,"type":"if","locations":[{"start":{"line":154,"column":8},"end":{"line":154,"column":8}},{"start":{"line":154,"column":8},"end":{"line":154,"column":8}}]},"14":{"line":155,"type":"if","locations":[{"start":{"line":155,"column":8},"end":{"line":155,"column":8}},{"start":{"line":155,"column":8},"end":{"line":155,"column":8}}]},"15":{"line":161,"type":"if","locations":[{"start":{"line":161,"column":8},"end":{"line":161,"column":8}},{"start":{"line":161,"column":8},"end":{"line":161,"column":8}}]},"16":{"line":169,"type":"if","locations":[{"start":{"line":169,"column":8},"end":{"line":169,"column":8}},{"start":{"line":169,"column":8},"end":{"line":169,"column":8}}]}}},"contracts/YnetMasterChef.sol":{"l":{"102":32,"104":32,"114":20,"115":20,"117":20,"118":20,"119":20,"126":1,"139":32,"140":32,"141":30,"142":30,"144":30,"145":30,"146":30,"154":30,"165":2,"166":2,"167":2,"169":2,"170":2,"171":2,"180":49,"189":12,"190":12,"191":12,"192":12,"193":12,"194":9,"195":9,"196":9,"198":12,"205":35,"206":35,"207":24,"216":91,"217":91,"218":36,"220":55,"221":55,"222":15,"223":15,"225":40,"226":40,"227":40,"228":40,"229":40,"230":40,"240":39,"241":39,"242":39,"243":39,"244":7,"246":39,"247":8,"248":8,"249":5,"250":5,"253":39,"254":39,"255":39,"256":39,"257":39,"258":38,"259":38,"260":38,"262":1,"265":39,"266":39,"275":28,"276":28,"277":28,"278":26,"279":26,"280":26,"281":24,"282":24,"284":26,"285":26,"286":26,"288":26,"289":26,"297":1,"298":1,"299":1,"300":1,"301":1,"302":1,"303":1,"312":29,"313":29,"314":29,"315":0,"317":29,"319":29,"327":6,"328":4,"329":2,"337":6,"338":4,"339":2,"346":6,"347":6,"349":4,"350":4,"351":1,"354":3,"355":3,"356":3,"359":3,"360":3,"361":0,"364":3,"365":3,"366":3,"367":3,"368":3,"377":2,"378":2,"379":2,"387":3,"388":1,"397":29,"398":3,"399":3,"401":3,"402":3,"403":3,"415":3,"416":3,"417":1,"418":1,"419":1,"420":1,"423":1},"path":"/home/deq/Documents/Projects/yNet/yNet/contracts/YnetMasterChef.sol","s":{"1":32,"2":20,"3":20,"4":20,"5":20,"6":20,"7":1,"8":32,"9":32,"10":30,"11":30,"12":30,"13":30,"14":30,"15":30,"16":2,"17":2,"18":2,"19":2,"20":2,"21":2,"22":49,"23":12,"24":12,"25":12,"26":12,"27":12,"28":9,"29":9,"30":9,"31":12,"32":35,"33":35,"34":24,"35":91,"36":91,"37":36,"38":55,"39":55,"40":15,"41":15,"42":40,"43":40,"44":40,"45":40,"46":40,"47":40,"48":39,"49":39,"50":39,"51":39,"52":7,"53":39,"54":8,"55":8,"56":5,"57":5,"58":39,"59":39,"60":39,"61":39,"62":39,"63":38,"64":38,"65":38,"66":1,"67":39,"68":39,"69":28,"70":28,"71":28,"72":26,"73":26,"74":26,"75":24,"76":24,"77":26,"78":26,"79":26,"80":26,"81":26,"82":1,"83":1,"84":1,"85":1,"86":1,"87":1,"88":1,"89":29,"90":29,"91":29,"92":0,"93":29,"94":29,"95":6,"96":4,"97":2,"98":6,"99":4,"100":2,"101":6,"102":6,"103":4,"104":4,"105":1,"106":3,"107":3,"108":3,"109":3,"110":3,"111":0,"112":3,"113":3,"114":3,"115":3,"116":3,"117":2,"118":2,"119":2,"120":3,"121":1,"122":29,"123":3,"124":3,"125":3,"126":3,"127":3,"128":3,"129":3,"130":1,"131":1,"132":1,"133":1,"134":1},"b":{"1":[32,0],"2":[30,2],"3":[30,0],"4":[2,0],"5":[2,0],"6":[9,3],"7":[36,55],"8":[15,40],"9":[7,32],"10":[8,31],"11":[5,3],"12":[39,0],"13":[38,1],"14":[26,2],"15":[24,2],"16":[26,0],"17":[0,29],"18":[29,0],"19":[4,2],"20":[2,2],"21":[4,2],"22":[2,2],"23":[6,0],"24":[4,2],"25":[1,3],"26":[0,3],"27":[2,0],"28":[1,2],"29":[3,26],"30":[3,0],"31":[3,0],"32":[1,2]},"f":{"1":32,"2":20,"3":1,"4":32,"5":2,"6":49,"7":12,"8":35,"9":91,"10":39,"11":28,"12":1,"13":29,"14":6,"15":6,"16":6,"17":2,"18":3,"19":29,"20":3},"fnMap":{"1":{"name":"nonDuplicated","line":101,"loc":{"start":{"line":101,"column":4},"end":{"line":105,"column":4}}},"2":{"name":"constructor","line":110,"loc":{"start":{"line":110,"column":4},"end":{"line":120,"column":4}}},"3":{"name":"poolLength","line":125,"loc":{"start":{"line":125,"column":4},"end":{"line":127,"column":4}}},"4":{"name":"add","line":137,"loc":{"start":{"line":137,"column":4},"end":{"line":155,"column":4}}},"5":{"name":"set","line":164,"loc":{"start":{"line":164,"column":4},"end":{"line":172,"column":4}}},"6":{"name":"getMultiplier","line":179,"loc":{"start":{"line":179,"column":4},"end":{"line":181,"column":4}}},"7":{"name":"pendingYnet","line":188,"loc":{"start":{"line":188,"column":4},"end":{"line":199,"column":4}}},"8":{"name":"massUpdatePools","line":204,"loc":{"start":{"line":204,"column":4},"end":{"line":209,"column":4}}},"9":{"name":"updatePool","line":215,"loc":{"start":{"line":215,"column":4},"end":{"line":231,"column":4}}},"10":{"name":"deposit","line":239,"loc":{"start":{"line":239,"column":4},"end":{"line":267,"column":4}}},"11":{"name":"withdraw","line":274,"loc":{"start":{"line":274,"column":4},"end":{"line":290,"column":4}}},"12":{"name":"emergencyWithdraw","line":296,"loc":{"start":{"line":296,"column":4},"end":{"line":304,"column":4}}},"13":{"name":"safeYnetTransfer","line":311,"loc":{"start":{"line":311,"column":4},"end":{"line":320,"column":4}}},"14":{"name":"setDevAddress","line":326,"loc":{"start":{"line":326,"column":4},"end":{"line":330,"column":4}}},"15":{"name":"setFeeAddress","line":336,"loc":{"start":{"line":336,"column":4},"end":{"line":340,"column":4}}},"16":{"name":"updateEmissionRate","line":345,"loc":{"start":{"line":345,"column":4},"end":{"line":369,"column":4}}},"17":{"name":"setYnetReferral","line":375,"loc":{"start":{"line":375,"column":4},"end":{"line":380,"column":4}}},"18":{"name":"setReferralCommissionRate","line":386,"loc":{"start":{"line":386,"column":4},"end":{"line":389,"column":4}}},"19":{"name":"payReferralCommission","line":396,"loc":{"start":{"line":396,"column":4},"end":{"line":406,"column":4}}},"20":{"name":"updateStartBlock","line":414,"loc":{"start":{"line":414,"column":4},"end":{"line":424,"column":4}}}},"statementMap":{"1":{"start":{"line":102,"column":8},"end":{"line":102,"column":4214}},"2":{"start":{"line":114,"column":8},"end":{"line":114,"column":19}},"3":{"start":{"line":115,"column":8},"end":{"line":115,"column":31}},"4":{"start":{"line":117,"column":8},"end":{"line":117,"column":30}},"5":{"start":{"line":118,"column":8},"end":{"line":118,"column":30}},"6":{"start":{"line":119,"column":8},"end":{"line":119,"column":43}},"7":{"start":{"line":126,"column":8},"end":{"line":126,"column":30}},"8":{"start":{"line":139,"column":8},"end":{"line":139,"column":40}},"9":{"start":{"line":140,"column":8},"end":{"line":140,"column":77}},"10":{"start":{"line":141,"column":8},"end":{"line":141,"column":5482}},"11":{"start":{"line":142,"column":12},"end":{"line":142,"column":28}},"12":{"start":{"line":144,"column":8},"end":{"line":144,"column":87}},"13":{"start":{"line":145,"column":8},"end":{"line":145,"column":57}},"14":{"start":{"line":146,"column":8},"end":{"line":146,"column":5701}},"15":{"start":{"line":154,"column":8},"end":{"line":154,"column":37}},"16":{"start":{"line":165,"column":8},"end":{"line":165,"column":77}},"17":{"start":{"line":166,"column":8},"end":{"line":166,"column":6492}},"18":{"start":{"line":167,"column":12},"end":{"line":167,"column":28}},"19":{"start":{"line":169,"column":8},"end":{"line":169,"column":88}},"20":{"start":{"line":170,"column":8},"end":{"line":170,"column":46}},"21":{"start":{"line":171,"column":8},"end":{"line":171,"column":50}},"22":{"start":{"line":180,"column":8},"end":{"line":180,"column":29}},"23":{"start":{"line":189,"column":8},"end":{"line":189,"column":46}},"24":{"start":{"line":190,"column":8},"end":{"line":190,"column":53}},"25":{"start":{"line":191,"column":8},"end":{"line":191,"column":54}},"26":{"start":{"line":192,"column":8},"end":{"line":192,"column":64}},"27":{"start":{"line":193,"column":8},"end":{"line":193,"column":7510}},"28":{"start":{"line":194,"column":12},"end":{"line":194,"column":82}},"29":{"start":{"line":195,"column":12},"end":{"line":195,"column":103}},"30":{"start":{"line":196,"column":12},"end":{"line":196,"column":84}},"31":{"start":{"line":198,"column":8},"end":{"line":198,"column":78}},"32":{"start":{"line":205,"column":8},"end":{"line":205,"column":40}},"33":{"start":{"line":206,"column":8},"end":{"line":206,"column":8098}},"34":{"start":{"line":207,"column":12},"end":{"line":207,"column":26}},"35":{"start":{"line":216,"column":8},"end":{"line":216,"column":46}},"36":{"start":{"line":217,"column":8},"end":{"line":217,"column":8416}},"37":{"start":{"line":218,"column":12},"end":{"line":218,"column":18}},"38":{"start":{"line":220,"column":8},"end":{"line":220,"column":64}},"39":{"start":{"line":221,"column":8},"end":{"line":221,"column":8564}},"40":{"start":{"line":222,"column":12},"end":{"line":222,"column":46}},"41":{"start":{"line":223,"column":12},"end":{"line":223,"column":18}},"42":{"start":{"line":225,"column":8},"end":{"line":225,"column":78}},"43":{"start":{"line":226,"column":8},"end":{"line":226,"column":99}},"44":{"start":{"line":227,"column":8},"end":{"line":227,"column":48}},"45":{"start":{"line":228,"column":8},"end":{"line":228,"column":43}},"46":{"start":{"line":229,"column":8},"end":{"line":229,"column":90}},"47":{"start":{"line":230,"column":8},"end":{"line":230,"column":42}},"48":{"start":{"line":240,"column":8},"end":{"line":240,"column":46}},"49":{"start":{"line":241,"column":8},"end":{"line":241,"column":58}},"50":{"start":{"line":242,"column":8},"end":{"line":242,"column":23}},"51":{"start":{"line":243,"column":8},"end":{"line":243,"column":9605}},"52":{"start":{"line":244,"column":12},"end":{"line":244,"column":61}},"53":{"start":{"line":246,"column":8},"end":{"line":246,"column":9799}},"54":{"start":{"line":247,"column":12},"end":{"line":247,"column":98}},"55":{"start":{"line":248,"column":12},"end":{"line":248,"column":9938}},"56":{"start":{"line":249,"column":16},"end":{"line":249,"column":52}},"57":{"start":{"line":250,"column":16},"end":{"line":250,"column":57}},"58":{"start":{"line":253,"column":8},"end":{"line":253,"column":10108}},"59":{"start":{"line":254,"column":12},"end":{"line":254,"column":73}},"60":{"start":{"line":255,"column":12},"end":{"line":255,"column":76}},"61":{"start":{"line":256,"column":12},"end":{"line":256,"column":77}},"62":{"start":{"line":257,"column":12},"end":{"line":257,"column":10377}},"63":{"start":{"line":258,"column":16},"end":{"line":258,"column":78}},"64":{"start":{"line":259,"column":16},"end":{"line":259,"column":64}},"65":{"start":{"line":260,"column":16},"end":{"line":260,"column":69}},"66":{"start":{"line":262,"column":16},"end":{"line":262,"column":53}},"67":{"start":{"line":265,"column":8},"end":{"line":265,"column":72}},"68":{"start":{"line":266,"column":8},"end":{"line":266,"column":47}},"69":{"start":{"line":275,"column":8},"end":{"line":275,"column":46}},"70":{"start":{"line":276,"column":8},"end":{"line":276,"column":58}},"71":{"start":{"line":277,"column":8},"end":{"line":277,"column":60}},"72":{"start":{"line":278,"column":8},"end":{"line":278,"column":23}},"73":{"start":{"line":279,"column":8},"end":{"line":279,"column":94}},"74":{"start":{"line":280,"column":8},"end":{"line":280,"column":11440}},"75":{"start":{"line":281,"column":12},"end":{"line":281,"column":48}},"76":{"start":{"line":282,"column":12},"end":{"line":282,"column":53}},"77":{"start":{"line":284,"column":8},"end":{"line":284,"column":11584}},"78":{"start":{"line":285,"column":12},"end":{"line":285,"column":49}},"79":{"start":{"line":286,"column":12},"end":{"line":286,"column":66}},"80":{"start":{"line":288,"column":8},"end":{"line":288,"column":72}},"81":{"start":{"line":289,"column":8},"end":{"line":289,"column":48}},"82":{"start":{"line":297,"column":8},"end":{"line":297,"column":46}},"83":{"start":{"line":298,"column":8},"end":{"line":298,"column":58}},"84":{"start":{"line":299,"column":8},"end":{"line":299,"column":36}},"85":{"start":{"line":300,"column":8},"end":{"line":300,"column":22}},"86":{"start":{"line":301,"column":8},"end":{"line":301,"column":26}},"87":{"start":{"line":302,"column":8},"end":{"line":302,"column":61}},"88":{"start":{"line":303,"column":8},"end":{"line":303,"column":56}},"89":{"start":{"line":312,"column":8},"end":{"line":312,"column":55}},"90":{"start":{"line":313,"column":8},"end":{"line":313,"column":36}},"91":{"start":{"line":314,"column":8},"end":{"line":314,"column":12696}},"92":{"start":{"line":315,"column":12},"end":{"line":315,"column":56}},"93":{"start":{"line":317,"column":12},"end":{"line":317,"column":56}},"94":{"start":{"line":319,"column":8},"end":{"line":319,"column":68}},"95":{"start":{"line":327,"column":8},"end":{"line":327,"column":68}},"96":{"start":{"line":328,"column":8},"end":{"line":328,"column":98}},"97":{"start":{"line":329,"column":8},"end":{"line":329,"column":31}},"98":{"start":{"line":337,"column":8},"end":{"line":337,"column":68}},"99":{"start":{"line":338,"column":8},"end":{"line":338,"column":98}},"100":{"start":{"line":339,"column":8},"end":{"line":339,"column":31}},"101":{"start":{"line":346,"column":8},"end":{"line":346,"column":103}},"102":{"start":{"line":347,"column":8},"end":{"line":347,"column":123}},"103":{"start":{"line":349,"column":8},"end":{"line":349,"column":97}},"104":{"start":{"line":350,"column":8},"end":{"line":350,"column":14214}},"105":{"start":{"line":351,"column":12},"end":{"line":351,"column":18}},"106":{"start":{"line":354,"column":8},"end":{"line":354,"column":46}},"107":{"start":{"line":355,"column":8},"end":{"line":355,"column":14349}},"108":{"start":{"line":356,"column":12},"end":{"line":356,"column":99}},"109":{"start":{"line":359,"column":8},"end":{"line":359,"column":106}},"110":{"start":{"line":360,"column":8},"end":{"line":360,"column":14659}},"111":{"start":{"line":361,"column":12},"end":{"line":361,"column":18}},"112":{"start":{"line":364,"column":8},"end":{"line":364,"column":24}},"113":{"start":{"line":365,"column":8},"end":{"line":365,"column":46}},"114":{"start":{"line":366,"column":8},"end":{"line":366,"column":51}},"115":{"start":{"line":367,"column":8},"end":{"line":367,"column":37}},"116":{"start":{"line":368,"column":8},"end":{"line":368,"column":83}},"117":{"start":{"line":377,"column":8},"end":{"line":377,"column":47}},"118":{"start":{"line":378,"column":8},"end":{"line":378,"column":97}},"119":{"start":{"line":379,"column":8},"end":{"line":379,"column":35}},"120":{"start":{"line":387,"column":8},"end":{"line":387,"column":151}},"121":{"start":{"line":388,"column":8},"end":{"line":388,"column":55}},"122":{"start":{"line":397,"column":8},"end":{"line":397,"column":16193}},"123":{"start":{"line":398,"column":12},"end":{"line":398,"column":62}},"124":{"start":{"line":399,"column":12},"end":{"line":399,"column":86}},"125":{"start":{"line":401,"column":12},"end":{"line":401,"column":16435}},"126":{"start":{"line":402,"column":16},"end":{"line":402,"column":52}},"127":{"start":{"line":403,"column":16},"end":{"line":403,"column":78}},"128":{"start":{"line":415,"column":8},"end":{"line":415,"column":102}},"129":{"start":{"line":416,"column":8},"end":{"line":416,"column":125}},"130":{"start":{"line":417,"column":8},"end":{"line":417,"column":40}},"131":{"start":{"line":418,"column":8},"end":{"line":418,"column":17329}},"132":{"start":{"line":419,"column":12},"end":{"line":419,"column":49}},"133":{"start":{"line":420,"column":12},"end":{"line":420,"column":45}},"134":{"start":{"line":423,"column":8},"end":{"line":423,"column":31}}},"branchMap":{"1":{"line":102,"type":"if","locations":[{"start":{"line":102,"column":8},"end":{"line":102,"column":8}},{"start":{"line":102,"column":8},"end":{"line":102,"column":8}}]},"2":{"line":140,"type":"if","locations":[{"start":{"line":140,"column":8},"end":{"line":140,"column":8}},{"start":{"line":140,"column":8},"end":{"line":140,"column":8}}]},"3":{"line":141,"type":"if","locations":[{"start":{"line":141,"column":8},"end":{"line":141,"column":8}},{"start":{"line":141,"column":8},"end":{"line":141,"column":8}}]},"4":{"line":165,"type":"if","locations":[{"start":{"line":165,"column":8},"end":{"line":165,"column":8}},{"start":{"line":165,"column":8},"end":{"line":165,"column":8}}]},"5":{"line":166,"type":"if","locations":[{"start":{"line":166,"column":8},"end":{"line":166,"column":8}},{"start":{"line":166,"column":8},"end":{"line":166,"column":8}}]},"6":{"line":193,"type":"if","locations":[{"start":{"line":193,"column":8},"end":{"line":193,"column":8}},{"start":{"line":193,"column":8},"end":{"line":193,"column":8}}]},"7":{"line":217,"type":"if","locations":[{"start":{"line":217,"column":8},"end":{"line":217,"column":8}},{"start":{"line":217,"column":8},"end":{"line":217,"column":8}}]},"8":{"line":221,"type":"if","locations":[{"start":{"line":221,"column":8},"end":{"line":221,"column":8}},{"start":{"line":221,"column":8},"end":{"line":221,"column":8}}]},"9":{"line":243,"type":"if","locations":[{"start":{"line":243,"column":8},"end":{"line":243,"column":8}},{"start":{"line":243,"column":8},"end":{"line":243,"column":8}}]},"10":{"line":246,"type":"if","locations":[{"start":{"line":246,"column":8},"end":{"line":246,"column":8}},{"start":{"line":246,"column":8},"end":{"line":246,"column":8}}]},"11":{"line":248,"type":"if","locations":[{"start":{"line":248,"column":12},"end":{"line":248,"column":12}},{"start":{"line":248,"column":12},"end":{"line":248,"column":12}}]},"12":{"line":253,"type":"if","locations":[{"start":{"line":253,"column":8},"end":{"line":253,"column":8}},{"start":{"line":253,"column":8},"end":{"line":253,"column":8}}]},"13":{"line":257,"type":"if","locations":[{"start":{"line":257,"column":12},"end":{"line":257,"column":12}},{"start":{"line":257,"column":12},"end":{"line":257,"column":12}}]},"14":{"line":277,"type":"if","locations":[{"start":{"line":277,"column":8},"end":{"line":277,"column":8}},{"start":{"line":277,"column":8},"end":{"line":277,"column":8}}]},"15":{"line":280,"type":"if","locations":[{"start":{"line":280,"column":8},"end":{"line":280,"column":8}},{"start":{"line":280,"column":8},"end":{"line":280,"column":8}}]},"16":{"line":284,"type":"if","locations":[{"start":{"line":284,"column":8},"end":{"line":284,"column":8}},{"start":{"line":284,"column":8},"end":{"line":284,"column":8}}]},"17":{"line":314,"type":"if","locations":[{"start":{"line":314,"column":8},"end":{"line":314,"column":8}},{"start":{"line":314,"column":8},"end":{"line":314,"column":8}}]},"18":{"line":319,"type":"if","locations":[{"start":{"line":319,"column":8},"end":{"line":319,"column":8}},{"start":{"line":319,"column":8},"end":{"line":319,"column":8}}]},"19":{"line":327,"type":"if","locations":[{"start":{"line":327,"column":8},"end":{"line":327,"column":8}},{"start":{"line":327,"column":8},"end":{"line":327,"column":8}}]},"20":{"line":328,"type":"if","locations":[{"start":{"line":328,"column":8},"end":{"line":328,"column":8}},{"start":{"line":328,"column":8},"end":{"line":328,"column":8}}]},"21":{"line":337,"type":"if","locations":[{"start":{"line":337,"column":8},"end":{"line":337,"column":8}},{"start":{"line":337,"column":8},"end":{"line":337,"column":8}}]},"22":{"line":338,"type":"if","locations":[{"start":{"line":338,"column":8},"end":{"line":338,"column":8}},{"start":{"line":338,"column":8},"end":{"line":338,"column":8}}]},"23":{"line":346,"type":"if","locations":[{"start":{"line":346,"column":8},"end":{"line":346,"column":8}},{"start":{"line":346,"column":8},"end":{"line":346,"column":8}}]},"24":{"line":347,"type":"if","locations":[{"start":{"line":347,"column":8},"end":{"line":347,"column":8}},{"start":{"line":347,"column":8},"end":{"line":347,"column":8}}]},"25":{"line":350,"type":"if","locations":[{"start":{"line":350,"column":8},"end":{"line":350,"column":8}},{"start":{"line":350,"column":8},"end":{"line":350,"column":8}}]},"26":{"line":360,"type":"if","locations":[{"start":{"line":360,"column":8},"end":{"line":360,"column":8}},{"start":{"line":360,"column":8},"end":{"line":360,"column":8}}]},"27":{"line":378,"type":"if","locations":[{"start":{"line":378,"column":8},"end":{"line":378,"column":8}},{"start":{"line":378,"column":8},"end":{"line":378,"column":8}}]},"28":{"line":387,"type":"if","locations":[{"start":{"line":387,"column":8},"end":{"line":387,"column":8}},{"start":{"line":387,"column":8},"end":{"line":387,"column":8}}]},"29":{"line":397,"type":"if","locations":[{"start":{"line":397,"column":8},"end":{"line":397,"column":8}},{"start":{"line":397,"column":8},"end":{"line":397,"column":8}}]},"30":{"line":401,"type":"if","locations":[{"start":{"line":401,"column":12},"end":{"line":401,"column":12}},{"start":{"line":401,"column":12},"end":{"line":401,"column":12}}]},"31":{"line":415,"type":"if","locations":[{"start":{"line":415,"column":8},"end":{"line":415,"column":8}},{"start":{"line":415,"column":8},"end":{"line":415,"column":8}}]},"32":{"line":416,"type":"if","locations":[{"start":{"line":416,"column":8},"end":{"line":416,"column":8}},{"start":{"line":416,"column":8},"end":{"line":416,"column":8}}]}}},"contracts/YnetReferral.sol":{"l":{"24":18,"25":14,"34":14,"39":6,"40":6,"41":6,"50":11,"59":6,"60":6,"70":1},"path":"/home/deq/Documents/Projects/yNet/yNet/contracts/YnetReferral.sol","s":{"1":18,"2":14,"3":6,"4":6,"5":6,"6":11,"7":6,"8":6,"9":1},"b":{"1":[14,4],"2":[6,8]},"f":{"1":18,"2":14,"3":11,"4":6,"5":1},"fnMap":{"1":{"name":"onlyOperator","line":23,"loc":{"start":{"line":23,"column":4},"end":{"line":26,"column":4}}},"2":{"name":"recordReferral","line":33,"loc":{"start":{"line":33,"column":4},"end":{"line":43,"column":4}}},"3":{"name":"getReferrer","line":49,"loc":{"start":{"line":49,"column":4},"end":{"line":51,"column":4}}},"4":{"name":"updateOperator","line":58,"loc":{"start":{"line":58,"column":4},"end":{"line":61,"column":4}}},"5":{"name":"drainBEP20Token","line":69,"loc":{"start":{"line":69,"column":4},"end":{"line":71,"column":4}}}},"statementMap":{"1":{"start":{"line":24,"column":8},"end":{"line":24,"column":77}},"2":{"start":{"line":34,"column":8},"end":{"line":34,"column":1072}},"3":{"start":{"line":39,"column":12},"end":{"line":39,"column":39}},"4":{"start":{"line":40,"column":12},"end":{"line":40,"column":41}},"5":{"start":{"line":41,"column":12},"end":{"line":41,"column":51}},"6":{"start":{"line":50,"column":8},"end":{"line":50,"column":31}},"7":{"start":{"line":59,"column":8},"end":{"line":59,"column":37}},"8":{"start":{"line":60,"column":8},"end":{"line":60,"column":48}},"9":{"start":{"line":70,"column":8},"end":{"line":70,"column":40}}},"branchMap":{"1":{"line":24,"type":"if","locations":[{"start":{"line":24,"column":8},"end":{"line":24,"column":8}},{"start":{"line":24,"column":8},"end":{"line":24,"column":8}}]},"2":{"line":34,"type":"if","locations":[{"start":{"line":34,"column":8},"end":{"line":34,"column":8}},{"start":{"line":34,"column":8},"end":{"line":34,"column":8}}]}}},"contracts/YnetToken.sol":{"l":{"29":10,"30":6,"37":29,"38":29,"43":87,"48":37,"49":1,"52":36,"54":36,"55":36,"57":36,"58":36,"67":3,"68":1,"69":1,"76":2,"84":3,"85":1,"86":1},"path":"/home/deq/Documents/Projects/yNet/yNet/contracts/YnetToken.sol","s":{"1":10,"2":29,"3":29,"4":87,"5":37,"6":1,"7":36,"8":36,"9":36,"10":36,"11":36,"12":3,"13":1,"14":1,"15":2,"16":3,"17":1,"18":1},"b":{"1":[6,4],"2":[1,36],"3":[36,0],"4":[1,2],"5":[1,2]},"f":{"1":10,"2":29,"3":87,"4":37,"5":3,"6":2,"7":3},"fnMap":{"1":{"name":"onlyOperator","line":28,"loc":{"start":{"line":28,"column":4},"end":{"line":31,"column":4}}},"2":{"name":"constructor","line":36,"loc":{"start":{"line":36,"column":4},"end":{"line":39,"column":4}}},"3":{"name":"mint","line":42,"loc":{"start":{"line":42,"column":4},"end":{"line":44,"column":4}}},"4":{"name":"_transfer","line":47,"loc":{"start":{"line":47,"column":5},"end":{"line":60,"column":4}}},"5":{"name":"updateTransferTaxRate","line":66,"loc":{"start":{"line":66,"column":4},"end":{"line":70,"column":4}}},"6":{"name":"operator","line":75,"loc":{"start":{"line":75,"column":4},"end":{"line":77,"column":4}}},"7":{"name":"transferOperator","line":83,"loc":{"start":{"line":83,"column":4},"end":{"line":87,"column":4}}}},"statementMap":{"1":{"start":{"line":29,"column":8},"end":{"line":29,"column":81}},"2":{"start":{"line":37,"column":8},"end":{"line":37,"column":31}},"3":{"start":{"line":38,"column":8},"end":{"line":38,"column":55}},"4":{"start":{"line":43,"column":8},"end":{"line":43,"column":26}},"5":{"start":{"line":48,"column":8},"end":{"line":48,"column":1528}},"6":{"start":{"line":49,"column":12},"end":{"line":49,"column":53}},"7":{"start":{"line":52,"column":12},"end":{"line":52,"column":71}},"8":{"start":{"line":54,"column":12},"end":{"line":54,"column":55}},"9":{"start":{"line":55,"column":12},"end":{"line":55,"column":91}},"10":{"start":{"line":57,"column":12},"end":{"line":57,"column":60}},"11":{"start":{"line":58,"column":12},"end":{"line":58,"column":57}},"12":{"start":{"line":67,"column":8},"end":{"line":67,"column":145}},"13":{"start":{"line":68,"column":8},"end":{"line":68,"column":84}},"14":{"start":{"line":69,"column":8},"end":{"line":69,"column":41}},"15":{"start":{"line":76,"column":8},"end":{"line":76,"column":24}},"16":{"start":{"line":84,"column":8},"end":{"line":84,"column":101}},"17":{"start":{"line":85,"column":8},"end":{"line":85,"column":56}},"18":{"start":{"line":86,"column":8},"end":{"line":86,"column":30}}},"branchMap":{"1":{"line":29,"type":"if","locations":[{"start":{"line":29,"column":8},"end":{"line":29,"column":8}},{"start":{"line":29,"column":8},"end":{"line":29,"column":8}}]},"2":{"line":48,"type":"if","locations":[{"start":{"line":48,"column":8},"end":{"line":48,"column":8}},{"start":{"line":48,"column":8},"end":{"line":48,"column":8}}]},"3":{"line":55,"type":"if","locations":[{"start":{"line":55,"column":12},"end":{"line":55,"column":12}},{"start":{"line":55,"column":12},"end":{"line":55,"column":12}}]},"4":{"line":67,"type":"if","locations":[{"start":{"line":67,"column":8},"end":{"line":67,"column":8}},{"start":{"line":67,"column":8},"end":{"line":67,"column":8}}]},"5":{"line":84,"type":"if","locations":[{"start":{"line":84,"column":8},"end":{"line":84,"column":8}},{"start":{"line":84,"column":8},"end":{"line":84,"column":8}}]}}}}